C:\USERS\USER\DESKTOP\ADRESSBOOK\ADDRESSBOOK\ADRESSBOOK\DEBUG\ADDRESSBOOK.OBJ
C:\USERS\USER\DESKTOP\ADRESSBOOK\ADDRESSBOOK\ADRESSBOOK\DEBUG\CONTACT.OBJ
C:\USERS\USER\DESKTOP\ADRESSBOOK\ADDRESSBOOK\ADRESSBOOK\DEBUG\DATE.OBJ
C:\USERS\USER\DESKTOP\ADRESSBOOK\ADDRESSBOOK\ADRESSBOOK\DEBUG\DATE_.OBJ
C:\USERS\USER\DESKTOP\ADRESSBOOK\ADDRESSBOOK\ADRESSBOOK\DEBUG\EMAIL.OBJ
C:\USERS\USER\DESKTOP\ADRESSBOOK\ADDRESSBOOK\ADRESSBOOK\DEBUG\FUNCTIONS.OBJ
C:\USERS\USER\DESKTOP\ADRESSBOOK\ADDRESSBOOK\ADRESSBOOK\DEBUG\MAIN.OBJ
C:\USERS\USER\DESKTOP\ADRESSBOOK\ADDRESSBOOK\ADRESSBOOK\DEBUG\PHONENUMBER.OBJ
C:\USERS\USER\DESKTOP\ADRESSBOOK\ADDRESSBOOK\ADRESSBOOK\DEBUG\SEARCHER.OBJ
C:\USERS\USER\DESKTOP\ADRESSBOOK\ADDRESSBOOK\ADRESSBOOK\DEBUG\TEXT.OBJ
C:\USERS\USER\DESKTOP\ADRESSBOOK\ADDRESSBOOK\ADRESSBOOK\DEBUG\TYPE.OBJ
C:\USERS\USER\DESKTOP\ADRESSBOOK\ADDRESSBOOK\ADRESSBOOK\DEBUG\VC110.PDB
C:\USERS\USER\DESKTOP\ADRESSBOOK\ADDRESSBOOK\DEBUG\ADRESSBOOK.ILK
C:\USERS\USER\DESKTOP\ADRESSBOOK\ADDRESSBOOK\DEBUG\ADRESSBOOK.EXE
C:\USERS\USER\DESKTOP\ADRESSBOOK\ADDRESSBOOK\DEBUG\ADRESSBOOK.PDB
C:\Users\User\Desktop\AdressBook\AddressBook\AdressBook\Debug\AddressBook.obj
C:\Users\User\Desktop\AdressBook\AddressBook\AdressBook\Debug\contact.obj
C:\Users\User\Desktop\AdressBook\AddressBook\AdressBook\Debug\date.obj
C:\Users\User\Desktop\AdressBook\AddressBook\AdressBook\Debug\Date_.obj
C:\Users\User\Desktop\AdressBook\AddressBook\AdressBook\Debug\Email.obj
C:\Users\User\Desktop\AdressBook\AddressBook\AdressBook\Debug\functions.obj
C:\Users\User\Desktop\AdressBook\AddressBook\AdressBook\Debug\main.obj
C:\Users\User\Desktop\AdressBook\AddressBook\AdressBook\Debug\PhoneNumber.obj
C:\Users\User\Desktop\AdressBook\AddressBook\AdressBook\Debug\Searcher.obj
C:\Users\User\Desktop\AdressBook\AddressBook\AdressBook\Debug\Text.obj
C:\Users\User\Desktop\AdressBook\AddressBook\AdressBook\Debug\Type.obj
C:\Users\User\Desktop\AdressBook\AddressBook\AdressBook\Debug\cl.command.1.tlog
C:\Users\User\Desktop\AdressBook\AddressBook\AdressBook\Debug\CL.read.1.tlog
C:\Users\User\Desktop\AdressBook\AddressBook\AdressBook\Debug\CL.write.1.tlog
C:\Users\User\Desktop\AdressBook\AddressBook\AdressBook\Debug\link-cvtres.read.1.tlog
C:\Users\User\Desktop\AdressBook\AddressBook\AdressBook\Debug\link-cvtres.write.1.tlog
C:\Users\User\Desktop\AdressBook\AddressBook\AdressBook\Debug\link-rc.read.1.tlog
C:\Users\User\Desktop\AdressBook\AddressBook\AdressBook\Debug\link-rc.write.1.tlog
C:\Users\User\Desktop\AdressBook\AddressBook\AdressBook\Debug\link.command.1.tlog
C:\Users\User\Desktop\AdressBook\AddressBook\AdressBook\Debug\link.read.1.tlog
C:\Users\User\Desktop\AdressBook\AddressBook\AdressBook\Debug\link.write.1.tlog
C:\Users\User\Desktop\AdressBook\AddressBook\AdressBook\Debug\vc110.idb
C:\Users\User\Desktop\AdressBook\AddressBook\AdressBook\Debug\vc110.pdb
C:\Users\User\Desktop\AdressBook\AddressBook\Debug\AdressBook.pdb
C:\Users\User\Desktop\AdressBook\AddressBook\Debug\AdressBook.exe
C:\Users\User\Desktop\AdressBook\AddressBook\Debug\AdressBook.ilk
